# JRE version: OpenJDK Runtime Environment Temurin-21.0.9+10 (21.0.9+10) (build 21.0.9+10-LTS)
# Java VM: OpenJDK 64-Bit Server VM Temurin-21.0.9+10 (21.0.9+10-LTS, mixed mode, sharing, tiered, compressed oops, compressed class ptrs, g1 gc, windows-amd64)
GC Precious Log:
 CardTable entry size: 512
 Card Set container configuration: InlinePtr #cards 5 size 8 Array Of Cards #cards 12 size 40 Howl #buckets 4 coarsen threshold 1843 Howl Bitmap #cards 512 size 80 coarsen threshold 460 Card regions per heap region 1 cards per card region 2048
 CPUs: 4 total, 4 available
 Memory: 4007M
 Large Page Support: Disabled
 NUMA Support: Disabled
 Compressed Oops: Enabled (32-bit)
 Heap Region Size: 1M
 Heap Min Capacity: 8M
 Heap Initial Capacity: 64M
 Heap Max Capacity: 1G
 Pre-touch: Disabled
 Parallel Workers: 4
 Concurrent Workers: 1
 Concurrent Refinement Workers: 4
 Periodic GC: Disabled
Heap:
 garbage-first heap   total 86016K, used 31520K [0x00000000c0000000, 0x0000000100000000)
  region size 1024K, 1 young (1024K), 0 survivors (0K)
 Metaspace       used 75248K, committed 76160K, reserved 1179648K
  class space    used 8761K, committed 9152K, reserved 1048576K
GC Heap History (20 events):
Event: 13790.081 GC heap after
{Heap after GC invocations=1314 (full 1272):
 garbage-first heap   total 86016K, used 31520K [0x00000000c0000000, 0x0000000100000000)
  region size 1024K, 0 young (0K), 0 survivors (0K)
 Metaspace       used 75248K, committed 76160K, reserved 1179648K
  class space    used 8761K, committed 9152K, reserved 1048576K
}
Event: 13800.260 GC heap before
{Heap before GC invocations=1314 (full 1272):
 garbage-first heap   total 86016K, used 31520K [0x00000000c0000000, 0x0000000100000000)
  region size 1024K, 1 young (1024K), 0 survivors (0K)
 Metaspace       used 75248K, committed 76160K, reserved 1179648K
  class space    used 8761K, committed 9152K, reserved 1048576K
}
Event: 13800.307 GC heap after
{Heap after GC invocations=1315 (full 1273):
 garbage-first heap   total 86016K, used 31520K [0x00000000c0000000, 0x0000000100000000)
  region size 1024K, 0 young (0K), 0 survivors (0K)
 Metaspace       used 75248K, committed 76160K, reserved 1179648K
  class space    used 8761K, committed 9152K, reserved 1048576K
}
Event: 13811.525 GC heap before
{Heap before GC invocations=1315 (full 1273):
 garbage-first heap   total 86016K, used 31520K [0x00000000c0000000, 0x0000000100000000)
  region size 1024K, 1 young (1024K), 0 survivors (0K)
 Metaspace       used 75248K, committed 76160K, reserved 1179648K
  class space    used 8761K, committed 9152K, reserved 1048576K
}
Event: 13811.596 GC heap after
{Heap after GC invocations=1316 (full 1274):
 garbage-first heap   total 86016K, used 31520K [0x00000000c0000000, 0x0000000100000000)
  region size 1024K, 0 young (0K), 0 survivors (0K)
 Metaspace       used 75248K, committed 76160K, reserved 1179648K
  class space    used 8761K, committed 9152K, reserved 1048576K
}
Event: 13821.861 GC heap before
{Heap before GC invocations=1316 (full 1274):
 garbage-first heap   total 86016K, used 31520K [0x00000000c0000000, 0x0000000100000000)
  region size 1024K, 1 young (1024K), 0 survivors (0K)
 Metaspace       used 75248K, committed 76160K, reserved 1179648K
  class space    used 8761K, committed 9152K, reserved 1048576K
}
Event: 13821.909 GC heap after
{Heap after GC invocations=1317 (full 1275):
 garbage-first heap   total 86016K, used 31520K [0x00000000c0000000, 0x0000000100000000)
  region size 1024K, 0 young (0K), 0 survivors (0K)
 Metaspace       used 75248K, committed 76160K, reserved 1179648K
  class space    used 8761K, committed 9152K, reserved 1048576K
}
Event: 13832.663 GC heap before
{Heap before GC invocations=1317 (full 1275):
 garbage-first heap   total 86016K, used 31520K [0x00000000c0000000, 0x0000000100000000)
  region size 1024K, 1 young (1024K), 0 survivors (0K)
 Metaspace       used 75248K, committed 76160K, reserved 1179648K
  class space    used 8761K, committed 9152K, reserved 1048576K
}
Event: 13832.759 GC heap after
{Heap after GC invocations=1318 (full 1276):
 garbage-first heap   total 86016K, used 31520K [0x00000000c0000000, 0x0000000100000000)
  region size 1024K, 0 young (0K), 0 survivors (0K)
 Metaspace       used 75248K, committed 76160K, reserved 1179648K
  class space    used 8761K, committed 9152K, reserved 1048576K
}
Event: 13843.074 GC heap before
{Heap before GC invocations=1318 (full 1276):
 garbage-first heap   total 86016K, used 31520K [0x00000000c0000000, 0x0000000100000000)
  region size 1024K, 1 young (1024K), 0 survivors (0K)
 Metaspace       used 75248K, committed 76160K, reserved 1179648K
  class space    used 8761K, committed 9152K, reserved 1048576K
}
Event: 13843.128 GC heap after
{Heap after GC invocations=1319 (full 1277):
 garbage-first heap   total 86016K, used 31520K [0x00000000c0000000, 0x0000000100000000)
  region size 1024K, 0 young (0K), 0 survivors (0K)
 Metaspace       used 75248K, committed 76160K, reserved 1179648K
  class space    used 8761K, committed 9152K, reserved 1048576K
}
Event: 13853.310 GC heap before
{Heap before GC invocations=1319 (full 1277):
 garbage-first heap   total 86016K, used 31520K [0x00000000c0000000, 0x0000000100000000)
  region size 1024K, 1 young (1024K), 0 survivors (0K)
 Metaspace       used 75248K, committed 76160K, reserved 1179648K
  class space    used 8761K, committed 9152K, reserved 1048576K
}
Event: 13853.355 GC heap after
{Heap after GC invocations=1320 (full 1278):
 garbage-first heap   total 86016K, used 31520K [0x00000000c0000000, 0x0000000100000000)
  region size 1024K, 0 young (0K), 0 survivors (0K)
 Metaspace       used 75248K, committed 76160K, reserved 1179648K
  class space    used 8761K, committed 9152K, reserved 1048576K
}
Event: 13863.580 GC heap before
{Heap before GC invocations=1320 (full 1278):
 garbage-first heap   total 86016K, used 31520K [0x00000000c0000000, 0x0000000100000000)
  region size 1024K, 1 young (1024K), 0 survivors (0K)
 Metaspace       used 75248K, committed 76160K, reserved 1179648K
  class space    used 8761K, committed 9152K, reserved 1048576K
}
Event: 13863.681 GC heap after
{Heap after GC invocations=1321 (full 1279):
 garbage-first heap   total 86016K, used 31520K [0x00000000c0000000, 0x0000000100000000)
  region size 1024K, 0 young (0K), 0 survivors (0K)
 Metaspace       used 75248K, committed 76160K, reserved 1179648K
  class space    used 8761K, committed 9152K, reserved 1048576K
}
Event: 13874.289 GC heap before
{Heap before GC invocations=1321 (full 1279):
 garbage-first heap   total 86016K, used 31520K [0x00000000c0000000, 0x0000000100000000)
  region size 1024K, 1 young (1024K), 0 survivors (0K)
 Metaspace       used 75248K, committed 76160K, reserved 1179648K
  class space    used 8761K, committed 9152K, reserved 1048576K
}
Event: 13874.378 GC heap after
{Heap after GC invocations=1322 (full 1280):
 garbage-first heap   total 86016K, used 31520K [0x00000000c0000000, 0x0000000100000000)
  region size 1024K, 0 young (0K), 0 survivors (0K)
 Metaspace       used 75248K, committed 76160K, reserved 1179648K
  class space    used 8761K, committed 9152K, reserved 1048576K
}
Event: 13884.851 GC heap before
{Heap before GC invocations=1322 (full 1280):
 garbage-first heap   total 86016K, used 31520K [0x00000000c0000000, 0x0000000100000000)
  region size 1024K, 1 young (1024K), 0 survivors (0K)
 Metaspace       used 75248K, committed 76160K, reserved 1179648K
  class space    used 8761K, committed 9152K, reserved 1048576K
}
Event: 13885.114 GC heap after
{Heap after GC invocations=1323 (full 1281):
 garbage-first heap   total 86016K, used 31520K [0x00000000c0000000, 0x0000000100000000)
  region size 1024K, 0 young (0K), 0 survivors (0K)
 Metaspace       used 75248K, committed 76160K, reserved 1179648K
  class space    used 8761K, committed 9152K, reserved 1048576K
}
Event: 13899.487 GC heap before
{Heap before GC invocations=1323 (full 1281):
 garbage-first heap   total 86016K, used 31520K [0x00000000c0000000, 0x0000000100000000)
  region size 1024K, 1 young (1024K), 0 survivors (0K)
 Metaspace       used 75248K, committed 76160K, reserved 1179648K
  class space    used 8761K, committed 9152K, reserved 1048576K
}

