# JRE version: OpenJDK Runtime Environment Temurin-21.0.9+10 (21.0.9+10) (build 21.0.9+10-LTS)
# Java VM: OpenJDK 64-Bit Server VM Temurin-21.0.9+10 (21.0.9+10-LTS, mixed mode, sharing, tiered, compressed oops, compressed class ptrs, g1 gc, windows-amd64)
GC Precious Log:
 CardTable entry size: 512
 Card Set container configuration: InlinePtr #cards 5 size 8 Array Of Cards #cards 12 size 40 Howl #buckets 4 coarsen threshold 1843 Howl Bitmap #cards 512 size 80 coarsen threshold 460 Card regions per heap region 1 cards per card region 2048
 CPUs: 4 total, 4 available
 Memory: 4007M
 Large Page Support: Disabled
 NUMA Support: Disabled
 Compressed Oops: Enabled (32-bit)
 Heap Region Size: 1M
 Heap Min Capacity: 8M
 Heap Initial Capacity: 64M
 Heap Max Capacity: 1G
 Pre-touch: Disabled
 Parallel Workers: 4
 Concurrent Workers: 1
 Concurrent Refinement Workers: 4
 Periodic GC: Disabled
Heap:
 garbage-first heap   total 137216K, used 39970K [0x00000000c0000000, 0x0000000100000000)
  region size 1024K, 1 young (1024K), 0 survivors (0K)
 Metaspace       used 70257K, committed 71488K, reserved 1114112K
  class space    used 8346K, committed 8896K, reserved 1048576K
GC Heap History (20 events):
Event: 13835.735 GC heap before
{Heap before GC invocations=1362 (full 1335):
 garbage-first heap   total 137216K, used 39970K [0x00000000c0000000, 0x0000000100000000)
  region size 1024K, 1 young (1024K), 0 survivors (0K)
 Metaspace       used 70203K, committed 71488K, reserved 1114112K
  class space    used 8340K, committed 8896K, reserved 1048576K
}
Event: 13835.792 GC heap after
{Heap after GC invocations=1363 (full 1336):
 garbage-first heap   total 137216K, used 39970K [0x00000000c0000000, 0x0000000100000000)
  region size 1024K, 0 young (0K), 0 survivors (0K)
 Metaspace       used 70203K, committed 71488K, reserved 1114112K
  class space    used 8340K, committed 8896K, reserved 1048576K
}
Event: 13846.086 GC heap before
{Heap before GC invocations=1363 (full 1336):
 garbage-first heap   total 137216K, used 39970K [0x00000000c0000000, 0x0000000100000000)
  region size 1024K, 1 young (1024K), 0 survivors (0K)
 Metaspace       used 70203K, committed 71488K, reserved 1114112K
  class space    used 8340K, committed 8896K, reserved 1048576K
}
Event: 13846.137 GC heap after
{Heap after GC invocations=1364 (full 1337):
 garbage-first heap   total 137216K, used 39970K [0x00000000c0000000, 0x0000000100000000)
  region size 1024K, 0 young (0K), 0 survivors (0K)
 Metaspace       used 70203K, committed 71488K, reserved 1114112K
  class space    used 8340K, committed 8896K, reserved 1048576K
}
Event: 13856.490 GC heap before
{Heap before GC invocations=1364 (full 1337):
 garbage-first heap   total 137216K, used 39970K [0x00000000c0000000, 0x0000000100000000)
  region size 1024K, 1 young (1024K), 0 survivors (0K)
 Metaspace       used 70203K, committed 71488K, reserved 1114112K
  class space    used 8340K, committed 8896K, reserved 1048576K
}
Event: 13856.549 GC heap after
{Heap after GC invocations=1365 (full 1338):
 garbage-first heap   total 137216K, used 39970K [0x00000000c0000000, 0x0000000100000000)
  region size 1024K, 0 young (0K), 0 survivors (0K)
 Metaspace       used 70203K, committed 71488K, reserved 1114112K
  class space    used 8340K, committed 8896K, reserved 1048576K
}
Event: 13866.988 GC heap before
{Heap before GC invocations=1365 (full 1338):
 garbage-first heap   total 137216K, used 39970K [0x00000000c0000000, 0x0000000100000000)
  region size 1024K, 1 young (1024K), 0 survivors (0K)
 Metaspace       used 70203K, committed 71488K, reserved 1114112K
  class space    used 8340K, committed 8896K, reserved 1048576K
}
Event: 13867.040 GC heap after
{Heap after GC invocations=1366 (full 1339):
 garbage-first heap   total 137216K, used 39970K [0x00000000c0000000, 0x0000000100000000)
  region size 1024K, 0 young (0K), 0 survivors (0K)
 Metaspace       used 70203K, committed 71488K, reserved 1114112K
  class space    used 8340K, committed 8896K, reserved 1048576K
}
Event: 13877.382 GC heap before
{Heap before GC invocations=1366 (full 1339):
 garbage-first heap   total 137216K, used 39970K [0x00000000c0000000, 0x0000000100000000)
  region size 1024K, 1 young (1024K), 0 survivors (0K)
 Metaspace       used 70203K, committed 71488K, reserved 1114112K
  class space    used 8340K, committed 8896K, reserved 1048576K
}
Event: 13877.439 GC heap after
{Heap after GC invocations=1367 (full 1340):
 garbage-first heap   total 137216K, used 39970K [0x00000000c0000000, 0x0000000100000000)
  region size 1024K, 0 young (0K), 0 survivors (0K)
 Metaspace       used 70203K, committed 71488K, reserved 1114112K
  class space    used 8340K, committed 8896K, reserved 1048576K
}
Event: 13887.699 GC heap before
{Heap before GC invocations=1367 (full 1340):
 garbage-first heap   total 137216K, used 39970K [0x00000000c0000000, 0x0000000100000000)
  region size 1024K, 1 young (1024K), 0 survivors (0K)
 Metaspace       used 70203K, committed 71488K, reserved 1114112K
  class space    used 8340K, committed 8896K, reserved 1048576K
}
Event: 13887.766 GC heap after
{Heap after GC invocations=1368 (full 1341):
 garbage-first heap   total 137216K, used 39970K [0x00000000c0000000, 0x0000000100000000)
  region size 1024K, 0 young (0K), 0 survivors (0K)
 Metaspace       used 70203K, committed 71488K, reserved 1114112K
  class space    used 8340K, committed 8896K, reserved 1048576K
}
Event: 13898.053 GC heap before
{Heap before GC invocations=1368 (full 1341):
 garbage-first heap   total 137216K, used 39970K [0x00000000c0000000, 0x0000000100000000)
  region size 1024K, 1 young (1024K), 0 survivors (0K)
 Metaspace       used 70203K, committed 71488K, reserved 1114112K
  class space    used 8340K, committed 8896K, reserved 1048576K
}
Event: 13898.110 GC heap after
{Heap after GC invocations=1369 (full 1342):
 garbage-first heap   total 137216K, used 39970K [0x00000000c0000000, 0x0000000100000000)
  region size 1024K, 0 young (0K), 0 survivors (0K)
 Metaspace       used 70203K, committed 71488K, reserved 1114112K
  class space    used 8340K, committed 8896K, reserved 1048576K
}
Event: 13908.408 GC heap before
{Heap before GC invocations=1369 (full 1342):
 garbage-first heap   total 137216K, used 39970K [0x00000000c0000000, 0x0000000100000000)
  region size 1024K, 1 young (1024K), 0 survivors (0K)
 Metaspace       used 70203K, committed 71488K, reserved 1114112K
  class space    used 8340K, committed 8896K, reserved 1048576K
}
Event: 13908.475 GC heap after
{Heap after GC invocations=1370 (full 1343):
 garbage-first heap   total 137216K, used 39970K [0x00000000c0000000, 0x0000000100000000)
  region size 1024K, 0 young (0K), 0 survivors (0K)
 Metaspace       used 70203K, committed 71488K, reserved 1114112K
  class space    used 8340K, committed 8896K, reserved 1048576K
}
Event: 13918.892 GC heap before
{Heap before GC invocations=1370 (full 1343):
 garbage-first heap   total 137216K, used 39970K [0x00000000c0000000, 0x0000000100000000)
  region size 1024K, 1 young (1024K), 0 survivors (0K)
 Metaspace       used 70203K, committed 71488K, reserved 1114112K
  class space    used 8340K, committed 8896K, reserved 1048576K
}
Event: 13918.947 GC heap after
{Heap after GC invocations=1371 (full 1344):
 garbage-first heap   total 137216K, used 39970K [0x00000000c0000000, 0x0000000100000000)
  region size 1024K, 0 young (0K), 0 survivors (0K)
 Metaspace       used 70203K, committed 71488K, reserved 1114112K
  class space    used 8340K, committed 8896K, reserved 1048576K
}
Event: 13929.557 GC heap before
{Heap before GC invocations=1371 (full 1344):
 garbage-first heap   total 137216K, used 39970K [0x00000000c0000000, 0x0000000100000000)
  region size 1024K, 1 young (1024K), 0 survivors (0K)
 Metaspace       used 70203K, committed 71488K, reserved 1114112K
  class space    used 8340K, committed 8896K, reserved 1048576K
}
Event: 13929.626 GC heap after
{Heap after GC invocations=1372 (full 1345):
 garbage-first heap   total 137216K, used 39970K [0x00000000c0000000, 0x0000000100000000)
  region size 1024K, 0 young (0K), 0 survivors (0K)
 Metaspace       used 70203K, committed 71488K, reserved 1114112K
  class space    used 8340K, committed 8896K, reserved 1048576K
}

