# JRE version: OpenJDK Runtime Environment Temurin-21.0.9+10 (21.0.9+10) (build 21.0.9+10-LTS)
# Java VM: OpenJDK 64-Bit Server VM Temurin-21.0.9+10 (21.0.9+10-LTS, mixed mode, sharing, tiered, compressed oops, compressed class ptrs, g1 gc, windows-amd64)
GC Precious Log:
 CardTable entry size: 512
 Card Set container configuration: InlinePtr #cards 5 size 8 Array Of Cards #cards 12 size 40 Howl #buckets 4 coarsen threshold 1843 Howl Bitmap #cards 512 size 80 coarsen threshold 460 Card regions per heap region 1 cards per card region 2048
 CPUs: 4 total, 4 available
 Memory: 4007M
 Large Page Support: Disabled
 NUMA Support: Disabled
 Compressed Oops: Enabled (32-bit)
 Heap Region Size: 1M
 Heap Min Capacity: 8M
 Heap Initial Capacity: 64M
 Heap Max Capacity: 1G
 Pre-touch: Disabled
 Parallel Workers: 4
 Concurrent Workers: 1
 Concurrent Refinement Workers: 4
 Periodic GC: Disabled
Heap:
 garbage-first heap   total 61440K, used 27145K [0x00000000c0000000, 0x0000000100000000)
  region size 1024K, 1 young (1024K), 0 survivors (0K)
 Metaspace       used 60710K, committed 62144K, reserved 1114112K
  class space    used 7515K, committed 8064K, reserved 1048576K
GC Heap History (20 events):
Event: 27625.195 GC heap after
{Heap after GC invocations=2670 (full 2651):
 garbage-first heap   total 61440K, used 27145K [0x00000000c0000000, 0x0000000100000000)
  region size 1024K, 0 young (0K), 0 survivors (0K)
 Metaspace       used 60710K, committed 62144K, reserved 1114112K
  class space    used 7515K, committed 8064K, reserved 1048576K
}
Event: 27635.751 GC heap before
{Heap before GC invocations=2670 (full 2651):
 garbage-first heap   total 61440K, used 27145K [0x00000000c0000000, 0x0000000100000000)
  region size 1024K, 1 young (1024K), 0 survivors (0K)
 Metaspace       used 60710K, committed 62144K, reserved 1114112K
  class space    used 7515K, committed 8064K, reserved 1048576K
}
Event: 27635.826 GC heap after
{Heap after GC invocations=2671 (full 2652):
 garbage-first heap   total 61440K, used 27145K [0x00000000c0000000, 0x0000000100000000)
  region size 1024K, 0 young (0K), 0 survivors (0K)
 Metaspace       used 60710K, committed 62144K, reserved 1114112K
  class space    used 7515K, committed 8064K, reserved 1048576K
}
Event: 27646.099 GC heap before
{Heap before GC invocations=2671 (full 2652):
 garbage-first heap   total 61440K, used 27145K [0x00000000c0000000, 0x0000000100000000)
  region size 1024K, 1 young (1024K), 0 survivors (0K)
 Metaspace       used 60710K, committed 62144K, reserved 1114112K
  class space    used 7515K, committed 8064K, reserved 1048576K
}
Event: 27646.160 GC heap after
{Heap after GC invocations=2672 (full 2653):
 garbage-first heap   total 61440K, used 27145K [0x00000000c0000000, 0x0000000100000000)
  region size 1024K, 0 young (0K), 0 survivors (0K)
 Metaspace       used 60710K, committed 62144K, reserved 1114112K
  class space    used 7515K, committed 8064K, reserved 1048576K
}
Event: 27656.393 GC heap before
{Heap before GC invocations=2672 (full 2653):
 garbage-first heap   total 61440K, used 27145K [0x00000000c0000000, 0x0000000100000000)
  region size 1024K, 1 young (1024K), 0 survivors (0K)
 Metaspace       used 60710K, committed 62144K, reserved 1114112K
  class space    used 7515K, committed 8064K, reserved 1048576K
}
Event: 27656.452 GC heap after
{Heap after GC invocations=2673 (full 2654):
 garbage-first heap   total 61440K, used 27145K [0x00000000c0000000, 0x0000000100000000)
  region size 1024K, 0 young (0K), 0 survivors (0K)
 Metaspace       used 60710K, committed 62144K, reserved 1114112K
  class space    used 7515K, committed 8064K, reserved 1048576K
}
Event: 27666.679 GC heap before
{Heap before GC invocations=2673 (full 2654):
 garbage-first heap   total 61440K, used 27145K [0x00000000c0000000, 0x0000000100000000)
  region size 1024K, 1 young (1024K), 0 survivors (0K)
 Metaspace       used 60710K, committed 62144K, reserved 1114112K
  class space    used 7515K, committed 8064K, reserved 1048576K
}
Event: 27666.803 GC heap after
{Heap after GC invocations=2674 (full 2655):
 garbage-first heap   total 61440K, used 27145K [0x00000000c0000000, 0x0000000100000000)
  region size 1024K, 0 young (0K), 0 survivors (0K)
 Metaspace       used 60710K, committed 62144K, reserved 1114112K
  class space    used 7515K, committed 8064K, reserved 1048576K
}
Event: 27677.152 GC heap before
{Heap before GC invocations=2674 (full 2655):
 garbage-first heap   total 61440K, used 27145K [0x00000000c0000000, 0x0000000100000000)
  region size 1024K, 1 young (1024K), 0 survivors (0K)
 Metaspace       used 60710K, committed 62144K, reserved 1114112K
  class space    used 7515K, committed 8064K, reserved 1048576K
}
Event: 27677.217 GC heap after
{Heap after GC invocations=2675 (full 2656):
 garbage-first heap   total 61440K, used 27145K [0x00000000c0000000, 0x0000000100000000)
  region size 1024K, 0 young (0K), 0 survivors (0K)
 Metaspace       used 60710K, committed 62144K, reserved 1114112K
  class space    used 7515K, committed 8064K, reserved 1048576K
}
Event: 27687.840 GC heap before
{Heap before GC invocations=2675 (full 2656):
 garbage-first heap   total 61440K, used 27145K [0x00000000c0000000, 0x0000000100000000)
  region size 1024K, 1 young (1024K), 0 survivors (0K)
 Metaspace       used 60710K, committed 62144K, reserved 1114112K
  class space    used 7515K, committed 8064K, reserved 1048576K
}
Event: 27687.909 GC heap after
{Heap after GC invocations=2676 (full 2657):
 garbage-first heap   total 61440K, used 27145K [0x00000000c0000000, 0x0000000100000000)
  region size 1024K, 0 young (0K), 0 survivors (0K)
 Metaspace       used 60710K, committed 62144K, reserved 1114112K
  class space    used 7515K, committed 8064K, reserved 1048576K
}
Event: 27698.122 GC heap before
{Heap before GC invocations=2676 (full 2657):
 garbage-first heap   total 61440K, used 27145K [0x00000000c0000000, 0x0000000100000000)
  region size 1024K, 1 young (1024K), 0 survivors (0K)
 Metaspace       used 60710K, committed 62144K, reserved 1114112K
  class space    used 7515K, committed 8064K, reserved 1048576K
}
Event: 27698.177 GC heap after
{Heap after GC invocations=2677 (full 2658):
 garbage-first heap   total 61440K, used 27145K [0x00000000c0000000, 0x0000000100000000)
  region size 1024K, 0 young (0K), 0 survivors (0K)
 Metaspace       used 60710K, committed 62144K, reserved 1114112K
  class space    used 7515K, committed 8064K, reserved 1048576K
}
Event: 27710.175 GC heap before
{Heap before GC invocations=2677 (full 2658):
 garbage-first heap   total 61440K, used 27145K [0x00000000c0000000, 0x0000000100000000)
  region size 1024K, 1 young (1024K), 0 survivors (0K)
 Metaspace       used 60710K, committed 62144K, reserved 1114112K
  class space    used 7515K, committed 8064K, reserved 1048576K
}
Event: 27710.250 GC heap after
{Heap after GC invocations=2678 (full 2659):
 garbage-first heap   total 61440K, used 27145K [0x00000000c0000000, 0x0000000100000000)
  region size 1024K, 0 young (0K), 0 survivors (0K)
 Metaspace       used 60710K, committed 62144K, reserved 1114112K
  class space    used 7515K, committed 8064K, reserved 1048576K
}
Event: 27720.456 GC heap before
{Heap before GC invocations=2678 (full 2659):
 garbage-first heap   total 61440K, used 27145K [0x00000000c0000000, 0x0000000100000000)
  region size 1024K, 1 young (1024K), 0 survivors (0K)
 Metaspace       used 60710K, committed 62144K, reserved 1114112K
  class space    used 7515K, committed 8064K, reserved 1048576K
}
Event: 27720.556 GC heap after
{Heap after GC invocations=2679 (full 2660):
 garbage-first heap   total 61440K, used 27145K [0x00000000c0000000, 0x0000000100000000)
  region size 1024K, 0 young (0K), 0 survivors (0K)
 Metaspace       used 60710K, committed 62144K, reserved 1114112K
  class space    used 7515K, committed 8064K, reserved 1048576K
}
Event: 27730.710 GC heap before
{Heap before GC invocations=2679 (full 2660):
 garbage-first heap   total 61440K, used 27145K [0x00000000c0000000, 0x0000000100000000)
  region size 1024K, 1 young (1024K), 0 survivors (0K)
 Metaspace       used 60710K, committed 62144K, reserved 1114112K
  class space    used 7515K, committed 8064K, reserved 1048576K
}

