# JRE version: OpenJDK Runtime Environment Temurin-21.0.9+10 (21.0.9+10) (build 21.0.9+10-LTS)
# Java VM: OpenJDK 64-Bit Server VM Temurin-21.0.9+10 (21.0.9+10-LTS, mixed mode, sharing, tiered, compressed oops, compressed class ptrs, g1 gc, windows-amd64)
GC Precious Log:
 CardTable entry size: 512
 Card Set container configuration: InlinePtr #cards 5 size 8 Array Of Cards #cards 12 size 40 Howl #buckets 4 coarsen threshold 1843 Howl Bitmap #cards 512 size 80 coarsen threshold 460 Card regions per heap region 1 cards per card region 2048
 CPUs: 4 total, 4 available
 Memory: 4007M
 Large Page Support: Disabled
 NUMA Support: Disabled
 Compressed Oops: Enabled (32-bit)
 Heap Region Size: 1M
 Heap Min Capacity: 8M
 Heap Initial Capacity: 64M
 Heap Max Capacity: 1G
 Pre-touch: Disabled
 Parallel Workers: 4
 Concurrent Workers: 1
 Concurrent Refinement Workers: 4
 Periodic GC: Disabled
Heap:
 garbage-first heap   total 76800K, used 42169K [0x00000000c0000000, 0x0000000100000000)
  region size 1024K, 1 young (1024K), 0 survivors (0K)
 Metaspace       used 73778K, committed 74624K, reserved 1179648K
  class space    used 8779K, committed 9152K, reserved 1048576K
GC Heap History (20 events):
Event: 7722.085 GC heap after
{Heap after GC invocations=726 (full 700):
 garbage-first heap   total 76800K, used 42169K [0x00000000c0000000, 0x0000000100000000)
  region size 1024K, 0 young (0K), 0 survivors (0K)
 Metaspace       used 73778K, committed 74624K, reserved 1179648K
  class space    used 8779K, committed 9152K, reserved 1048576K
}
Event: 7732.390 GC heap before
{Heap before GC invocations=726 (full 700):
 garbage-first heap   total 76800K, used 42169K [0x00000000c0000000, 0x0000000100000000)
  region size 1024K, 1 young (1024K), 0 survivors (0K)
 Metaspace       used 73778K, committed 74624K, reserved 1179648K
  class space    used 8779K, committed 9152K, reserved 1048576K
}
Event: 7732.460 GC heap after
{Heap after GC invocations=727 (full 701):
 garbage-first heap   total 76800K, used 42169K [0x00000000c0000000, 0x0000000100000000)
  region size 1024K, 0 young (0K), 0 survivors (0K)
 Metaspace       used 73778K, committed 74624K, reserved 1179648K
  class space    used 8779K, committed 9152K, reserved 1048576K
}
Event: 7742.763 GC heap before
{Heap before GC invocations=727 (full 701):
 garbage-first heap   total 76800K, used 42169K [0x00000000c0000000, 0x0000000100000000)
  region size 1024K, 1 young (1024K), 0 survivors (0K)
 Metaspace       used 73778K, committed 74624K, reserved 1179648K
  class space    used 8779K, committed 9152K, reserved 1048576K
}
Event: 7743.928 GC heap after
{Heap after GC invocations=728 (full 702):
 garbage-first heap   total 76800K, used 42169K [0x00000000c0000000, 0x0000000100000000)
  region size 1024K, 0 young (0K), 0 survivors (0K)
 Metaspace       used 73778K, committed 74624K, reserved 1179648K
  class space    used 8779K, committed 9152K, reserved 1048576K
}
Event: 7754.162 GC heap before
{Heap before GC invocations=728 (full 702):
 garbage-first heap   total 76800K, used 42169K [0x00000000c0000000, 0x0000000100000000)
  region size 1024K, 1 young (1024K), 0 survivors (0K)
 Metaspace       used 73778K, committed 74624K, reserved 1179648K
  class space    used 8779K, committed 9152K, reserved 1048576K
}
Event: 7754.230 GC heap after
{Heap after GC invocations=729 (full 703):
 garbage-first heap   total 76800K, used 42169K [0x00000000c0000000, 0x0000000100000000)
  region size 1024K, 0 young (0K), 0 survivors (0K)
 Metaspace       used 73778K, committed 74624K, reserved 1179648K
  class space    used 8779K, committed 9152K, reserved 1048576K
}
Event: 7764.433 GC heap before
{Heap before GC invocations=729 (full 703):
 garbage-first heap   total 76800K, used 42169K [0x00000000c0000000, 0x0000000100000000)
  region size 1024K, 1 young (1024K), 0 survivors (0K)
 Metaspace       used 73778K, committed 74624K, reserved 1179648K
  class space    used 8779K, committed 9152K, reserved 1048576K
}
Event: 7764.490 GC heap after
{Heap after GC invocations=730 (full 704):
 garbage-first heap   total 76800K, used 42169K [0x00000000c0000000, 0x0000000100000000)
  region size 1024K, 0 young (0K), 0 survivors (0K)
 Metaspace       used 73778K, committed 74624K, reserved 1179648K
  class space    used 8779K, committed 9152K, reserved 1048576K
}
Event: 7775.010 GC heap before
{Heap before GC invocations=730 (full 704):
 garbage-first heap   total 76800K, used 42169K [0x00000000c0000000, 0x0000000100000000)
  region size 1024K, 1 young (1024K), 0 survivors (0K)
 Metaspace       used 73778K, committed 74624K, reserved 1179648K
  class space    used 8779K, committed 9152K, reserved 1048576K
}
Event: 7775.956 GC heap after
{Heap after GC invocations=731 (full 705):
 garbage-first heap   total 76800K, used 42169K [0x00000000c0000000, 0x0000000100000000)
  region size 1024K, 0 young (0K), 0 survivors (0K)
 Metaspace       used 73778K, committed 74624K, reserved 1179648K
  class space    used 8779K, committed 9152K, reserved 1048576K
}
Event: 7786.190 GC heap before
{Heap before GC invocations=731 (full 705):
 garbage-first heap   total 76800K, used 42169K [0x00000000c0000000, 0x0000000100000000)
  region size 1024K, 1 young (1024K), 0 survivors (0K)
 Metaspace       used 73778K, committed 74624K, reserved 1179648K
  class space    used 8779K, committed 9152K, reserved 1048576K
}
Event: 7786.272 GC heap after
{Heap after GC invocations=732 (full 706):
 garbage-first heap   total 76800K, used 42169K [0x00000000c0000000, 0x0000000100000000)
  region size 1024K, 0 young (0K), 0 survivors (0K)
 Metaspace       used 73778K, committed 74624K, reserved 1179648K
  class space    used 8779K, committed 9152K, reserved 1048576K
}
Event: 7800.076 GC heap before
{Heap before GC invocations=732 (full 706):
 garbage-first heap   total 76800K, used 42169K [0x00000000c0000000, 0x0000000100000000)
  region size 1024K, 1 young (1024K), 0 survivors (0K)
 Metaspace       used 73778K, committed 74624K, reserved 1179648K
  class space    used 8779K, committed 9152K, reserved 1048576K
}
Event: 7803.194 GC heap after
{Heap after GC invocations=733 (full 707):
 garbage-first heap   total 76800K, used 42169K [0x00000000c0000000, 0x0000000100000000)
  region size 1024K, 0 young (0K), 0 survivors (0K)
 Metaspace       used 73778K, committed 74624K, reserved 1179648K
  class space    used 8779K, committed 9152K, reserved 1048576K
}
Event: 7813.821 GC heap before
{Heap before GC invocations=733 (full 707):
 garbage-first heap   total 76800K, used 42169K [0x00000000c0000000, 0x0000000100000000)
  region size 1024K, 1 young (1024K), 0 survivors (0K)
 Metaspace       used 73778K, committed 74624K, reserved 1179648K
  class space    used 8779K, committed 9152K, reserved 1048576K
}
Event: 7814.074 GC heap after
{Heap after GC invocations=734 (full 708):
 garbage-first heap   total 76800K, used 42169K [0x00000000c0000000, 0x0000000100000000)
  region size 1024K, 0 young (0K), 0 survivors (0K)
 Metaspace       used 73778K, committed 74624K, reserved 1179648K
  class space    used 8779K, committed 9152K, reserved 1048576K
}
Event: 7824.474 GC heap before
{Heap before GC invocations=734 (full 708):
 garbage-first heap   total 76800K, used 42169K [0x00000000c0000000, 0x0000000100000000)
  region size 1024K, 1 young (1024K), 0 survivors (0K)
 Metaspace       used 73778K, committed 74624K, reserved 1179648K
  class space    used 8779K, committed 9152K, reserved 1048576K
}
Event: 7824.561 GC heap after
{Heap after GC invocations=735 (full 709):
 garbage-first heap   total 76800K, used 42169K [0x00000000c0000000, 0x0000000100000000)
  region size 1024K, 0 young (0K), 0 survivors (0K)
 Metaspace       used 73778K, committed 74624K, reserved 1179648K
  class space    used 8779K, committed 9152K, reserved 1048576K
}
Event: 7834.745 GC heap before
{Heap before GC invocations=735 (full 709):
 garbage-first heap   total 76800K, used 42169K [0x00000000c0000000, 0x0000000100000000)
  region size 1024K, 1 young (1024K), 0 survivors (0K)
 Metaspace       used 73778K, committed 74624K, reserved 1179648K
  class space    used 8779K, committed 9152K, reserved 1048576K
}

