# JRE version: OpenJDK Runtime Environment Temurin-21.0.9+10 (21.0.9+10) (build 21.0.9+10-LTS)
# Java VM: OpenJDK 64-Bit Server VM Temurin-21.0.9+10 (21.0.9+10-LTS, mixed mode, sharing, tiered, compressed oops, compressed class ptrs, g1 gc, windows-amd64)
GC Precious Log:
 CardTable entry size: 512
 Card Set container configuration: InlinePtr #cards 5 size 8 Array Of Cards #cards 12 size 40 Howl #buckets 4 coarsen threshold 1843 Howl Bitmap #cards 512 size 80 coarsen threshold 460 Card regions per heap region 1 cards per card region 2048
 CPUs: 4 total, 4 available
 Memory: 4007M
 Large Page Support: Disabled
 NUMA Support: Disabled
 Compressed Oops: Enabled (32-bit)
 Heap Region Size: 1M
 Heap Min Capacity: 8M
 Heap Initial Capacity: 64M
 Heap Max Capacity: 1G
 Pre-touch: Disabled
 Parallel Workers: 4
 Concurrent Workers: 1
 Concurrent Refinement Workers: 4
 Periodic GC: Disabled
Heap:
 garbage-first heap   total 104448K, used 38439K [0x00000000c0000000, 0x0000000100000000)
  region size 1024K, 1 young (1024K), 0 survivors (0K)
 Metaspace       used 74377K, committed 75776K, reserved 1179648K
  class space    used 8835K, committed 9408K, reserved 1048576K
GC Heap History (20 events):
Event: 1011.680 GC heap after
{Heap after GC invocations=92 (full 57):
 garbage-first heap   total 104448K, used 40974K [0x00000000c0000000, 0x0000000100000000)
  region size 1024K, 0 young (0K), 0 survivors (0K)
 Metaspace       used 74724K, committed 75712K, reserved 1179648K
  class space    used 8929K, committed 9408K, reserved 1048576K
}
Event: 1022.092 GC heap before
{Heap before GC invocations=92 (full 57):
 garbage-first heap   total 104448K, used 40974K [0x00000000c0000000, 0x0000000100000000)
  region size 1024K, 1 young (1024K), 0 survivors (0K)
 Metaspace       used 74729K, committed 75776K, reserved 1179648K
  class space    used 8929K, committed 9408K, reserved 1048576K
}
Event: 1022.214 GC heap after
{Heap after GC invocations=93 (full 58):
 garbage-first heap   total 104448K, used 38572K [0x00000000c0000000, 0x0000000100000000)
  region size 1024K, 0 young (0K), 0 survivors (0K)
 Metaspace       used 74424K, committed 75776K, reserved 1179648K
  class space    used 8847K, committed 9408K, reserved 1048576K
}
Event: 1032.547 GC heap before
{Heap before GC invocations=93 (full 58):
 garbage-first heap   total 104448K, used 38572K [0x00000000c0000000, 0x0000000100000000)
  region size 1024K, 1 young (1024K), 0 survivors (0K)
 Metaspace       used 74424K, committed 75776K, reserved 1179648K
  class space    used 8847K, committed 9408K, reserved 1048576K
}
Event: 1032.640 GC heap after
{Heap after GC invocations=94 (full 59):
 garbage-first heap   total 104448K, used 38439K [0x00000000c0000000, 0x0000000100000000)
  region size 1024K, 0 young (0K), 0 survivors (0K)
 Metaspace       used 74377K, committed 75776K, reserved 1179648K
  class space    used 8835K, committed 9408K, reserved 1048576K
}
Event: 1042.825 GC heap before
{Heap before GC invocations=94 (full 59):
 garbage-first heap   total 104448K, used 38439K [0x00000000c0000000, 0x0000000100000000)
  region size 1024K, 1 young (1024K), 0 survivors (0K)
 Metaspace       used 74377K, committed 75776K, reserved 1179648K
  class space    used 8835K, committed 9408K, reserved 1048576K
}
Event: 1042.885 GC heap after
{Heap after GC invocations=95 (full 60):
 garbage-first heap   total 104448K, used 38439K [0x00000000c0000000, 0x0000000100000000)
  region size 1024K, 0 young (0K), 0 survivors (0K)
 Metaspace       used 74377K, committed 75776K, reserved 1179648K
  class space    used 8835K, committed 9408K, reserved 1048576K
}
Event: 1053.050 GC heap before
{Heap before GC invocations=95 (full 60):
 garbage-first heap   total 104448K, used 38439K [0x00000000c0000000, 0x0000000100000000)
  region size 1024K, 1 young (1024K), 0 survivors (0K)
 Metaspace       used 74377K, committed 75776K, reserved 1179648K
  class space    used 8835K, committed 9408K, reserved 1048576K
}
Event: 1053.106 GC heap after
{Heap after GC invocations=96 (full 61):
 garbage-first heap   total 104448K, used 38439K [0x00000000c0000000, 0x0000000100000000)
  region size 1024K, 0 young (0K), 0 survivors (0K)
 Metaspace       used 74377K, committed 75776K, reserved 1179648K
  class space    used 8835K, committed 9408K, reserved 1048576K
}
Event: 1063.278 GC heap before
{Heap before GC invocations=96 (full 61):
 garbage-first heap   total 104448K, used 38439K [0x00000000c0000000, 0x0000000100000000)
  region size 1024K, 1 young (1024K), 0 survivors (0K)
 Metaspace       used 74377K, committed 75776K, reserved 1179648K
  class space    used 8835K, committed 9408K, reserved 1048576K
}
Event: 1063.344 GC heap after
{Heap after GC invocations=97 (full 62):
 garbage-first heap   total 104448K, used 38439K [0x00000000c0000000, 0x0000000100000000)
  region size 1024K, 0 young (0K), 0 survivors (0K)
 Metaspace       used 74377K, committed 75776K, reserved 1179648K
  class space    used 8835K, committed 9408K, reserved 1048576K
}
Event: 1073.539 GC heap before
{Heap before GC invocations=97 (full 62):
 garbage-first heap   total 104448K, used 38439K [0x00000000c0000000, 0x0000000100000000)
  region size 1024K, 1 young (1024K), 0 survivors (0K)
 Metaspace       used 74377K, committed 75776K, reserved 1179648K
  class space    used 8835K, committed 9408K, reserved 1048576K
}
Event: 1073.593 GC heap after
{Heap after GC invocations=98 (full 63):
 garbage-first heap   total 104448K, used 38439K [0x00000000c0000000, 0x0000000100000000)
  region size 1024K, 0 young (0K), 0 survivors (0K)
 Metaspace       used 74377K, committed 75776K, reserved 1179648K
  class space    used 8835K, committed 9408K, reserved 1048576K
}
Event: 1083.781 GC heap before
{Heap before GC invocations=98 (full 63):
 garbage-first heap   total 104448K, used 38439K [0x00000000c0000000, 0x0000000100000000)
  region size 1024K, 1 young (1024K), 0 survivors (0K)
 Metaspace       used 74377K, committed 75776K, reserved 1179648K
  class space    used 8835K, committed 9408K, reserved 1048576K
}
Event: 1083.841 GC heap after
{Heap after GC invocations=99 (full 64):
 garbage-first heap   total 104448K, used 38439K [0x00000000c0000000, 0x0000000100000000)
  region size 1024K, 0 young (0K), 0 survivors (0K)
 Metaspace       used 74377K, committed 75776K, reserved 1179648K
  class space    used 8835K, committed 9408K, reserved 1048576K
}
Event: 1094.400 GC heap before
{Heap before GC invocations=99 (full 64):
 garbage-first heap   total 104448K, used 38439K [0x00000000c0000000, 0x0000000100000000)
  region size 1024K, 1 young (1024K), 0 survivors (0K)
 Metaspace       used 74377K, committed 75776K, reserved 1179648K
  class space    used 8835K, committed 9408K, reserved 1048576K
}
Event: 1094.475 GC heap after
{Heap after GC invocations=100 (full 65):
 garbage-first heap   total 104448K, used 38439K [0x00000000c0000000, 0x0000000100000000)
  region size 1024K, 0 young (0K), 0 survivors (0K)
 Metaspace       used 74377K, committed 75776K, reserved 1179648K
  class space    used 8835K, committed 9408K, reserved 1048576K
}
Event: 1105.567 GC heap before
{Heap before GC invocations=100 (full 65):
 garbage-first heap   total 104448K, used 38439K [0x00000000c0000000, 0x0000000100000000)
  region size 1024K, 1 young (1024K), 0 survivors (0K)
 Metaspace       used 74377K, committed 75776K, reserved 1179648K
  class space    used 8835K, committed 9408K, reserved 1048576K
}
Event: 1105.678 GC heap after
{Heap after GC invocations=101 (full 66):
 garbage-first heap   total 104448K, used 38439K [0x00000000c0000000, 0x0000000100000000)
  region size 1024K, 0 young (0K), 0 survivors (0K)
 Metaspace       used 74377K, committed 75776K, reserved 1179648K
  class space    used 8835K, committed 9408K, reserved 1048576K
}
Event: 1115.987 GC heap before
{Heap before GC invocations=101 (full 66):
 garbage-first heap   total 104448K, used 38439K [0x00000000c0000000, 0x0000000100000000)
  region size 1024K, 1 young (1024K), 0 survivors (0K)
 Metaspace       used 74377K, committed 75776K, reserved 1179648K
  class space    used 8835K, committed 9408K, reserved 1048576K
}

