# JRE version: OpenJDK Runtime Environment Temurin-21.0.9+10 (21.0.9+10) (build 21.0.9+10-LTS)
# Java VM: OpenJDK 64-Bit Server VM Temurin-21.0.9+10 (21.0.9+10-LTS, mixed mode, sharing, tiered, compressed oops, compressed class ptrs, g1 gc, windows-amd64)
GC Precious Log:
 CardTable entry size: 512
 Card Set container configuration: InlinePtr #cards 5 size 8 Array Of Cards #cards 12 size 40 Howl #buckets 4 coarsen threshold 1843 Howl Bitmap #cards 512 size 80 coarsen threshold 460 Card regions per heap region 1 cards per card region 2048
 CPUs: 4 total, 4 available
 Memory: 4007M
 Large Page Support: Disabled
 NUMA Support: Disabled
 Compressed Oops: Enabled (32-bit)
 Heap Region Size: 1M
 Heap Min Capacity: 8M
 Heap Initial Capacity: 64M
 Heap Max Capacity: 1G
 Pre-touch: Disabled
 Parallel Workers: 4
 Concurrent Workers: 1
 Concurrent Refinement Workers: 4
 Periodic GC: Disabled
Heap:
 garbage-first heap   total 58368K, used 27049K [0x00000000c0000000, 0x0000000100000000)
  region size 1024K, 1 young (1024K), 0 survivors (0K)
 Metaspace       used 60718K, committed 62144K, reserved 1114112K
  class space    used 7528K, committed 8064K, reserved 1048576K
GC Heap History (20 events):
Event: 2949.159 GC heap after
{Heap after GC invocations=267 (full 247):
 garbage-first heap   total 58368K, used 27049K [0x00000000c0000000, 0x0000000100000000)
  region size 1024K, 0 young (0K), 0 survivors (0K)
 Metaspace       used 60712K, committed 62144K, reserved 1114112K
  class space    used 7528K, committed 8064K, reserved 1048576K
}
Event: 2959.318 GC heap before
{Heap before GC invocations=267 (full 247):
 garbage-first heap   total 58368K, used 27049K [0x00000000c0000000, 0x0000000100000000)
  region size 1024K, 1 young (1024K), 0 survivors (0K)
 Metaspace       used 60712K, committed 62144K, reserved 1114112K
  class space    used 7528K, committed 8064K, reserved 1048576K
}
Event: 2959.364 GC heap after
{Heap after GC invocations=268 (full 248):
 garbage-first heap   total 58368K, used 27049K [0x00000000c0000000, 0x0000000100000000)
  region size 1024K, 0 young (0K), 0 survivors (0K)
 Metaspace       used 60712K, committed 62144K, reserved 1114112K
  class space    used 7528K, committed 8064K, reserved 1048576K
}
Event: 2969.531 GC heap before
{Heap before GC invocations=268 (full 248):
 garbage-first heap   total 58368K, used 27049K [0x00000000c0000000, 0x0000000100000000)
  region size 1024K, 1 young (1024K), 0 survivors (0K)
 Metaspace       used 60712K, committed 62144K, reserved 1114112K
  class space    used 7528K, committed 8064K, reserved 1048576K
}
Event: 2969.583 GC heap after
{Heap after GC invocations=269 (full 249):
 garbage-first heap   total 58368K, used 27049K [0x00000000c0000000, 0x0000000100000000)
  region size 1024K, 0 young (0K), 0 survivors (0K)
 Metaspace       used 60712K, committed 62144K, reserved 1114112K
  class space    used 7528K, committed 8064K, reserved 1048576K
}
Event: 2979.750 GC heap before
{Heap before GC invocations=269 (full 249):
 garbage-first heap   total 58368K, used 27049K [0x00000000c0000000, 0x0000000100000000)
  region size 1024K, 1 young (1024K), 0 survivors (0K)
 Metaspace       used 60712K, committed 62144K, reserved 1114112K
  class space    used 7528K, committed 8064K, reserved 1048576K
}
Event: 2979.799 GC heap after
{Heap after GC invocations=270 (full 250):
 garbage-first heap   total 58368K, used 27049K [0x00000000c0000000, 0x0000000100000000)
  region size 1024K, 0 young (0K), 0 survivors (0K)
 Metaspace       used 60712K, committed 62144K, reserved 1114112K
  class space    used 7528K, committed 8064K, reserved 1048576K
}
Event: 2990.129 GC heap before
{Heap before GC invocations=270 (full 250):
 garbage-first heap   total 58368K, used 27049K [0x00000000c0000000, 0x0000000100000000)
  region size 1024K, 1 young (1024K), 0 survivors (0K)
 Metaspace       used 60712K, committed 62144K, reserved 1114112K
  class space    used 7528K, committed 8064K, reserved 1048576K
}
Event: 2990.204 GC heap after
{Heap after GC invocations=271 (full 251):
 garbage-first heap   total 58368K, used 27049K [0x00000000c0000000, 0x0000000100000000)
  region size 1024K, 0 young (0K), 0 survivors (0K)
 Metaspace       used 60712K, committed 62144K, reserved 1114112K
  class space    used 7528K, committed 8064K, reserved 1048576K
}
Event: 3000.456 GC heap before
{Heap before GC invocations=271 (full 251):
 garbage-first heap   total 58368K, used 27049K [0x00000000c0000000, 0x0000000100000000)
  region size 1024K, 1 young (1024K), 0 survivors (0K)
 Metaspace       used 60712K, committed 62144K, reserved 1114112K
  class space    used 7528K, committed 8064K, reserved 1048576K
}
Event: 3000.510 GC heap after
{Heap after GC invocations=272 (full 252):
 garbage-first heap   total 58368K, used 27049K [0x00000000c0000000, 0x0000000100000000)
  region size 1024K, 0 young (0K), 0 survivors (0K)
 Metaspace       used 60712K, committed 62144K, reserved 1114112K
  class space    used 7528K, committed 8064K, reserved 1048576K
}
Event: 3010.948 GC heap before
{Heap before GC invocations=272 (full 252):
 garbage-first heap   total 58368K, used 27049K [0x00000000c0000000, 0x0000000100000000)
  region size 1024K, 1 young (1024K), 0 survivors (0K)
 Metaspace       used 60712K, committed 62144K, reserved 1114112K
  class space    used 7528K, committed 8064K, reserved 1048576K
}
Event: 3011.010 GC heap after
{Heap after GC invocations=273 (full 253):
 garbage-first heap   total 58368K, used 27049K [0x00000000c0000000, 0x0000000100000000)
  region size 1024K, 0 young (0K), 0 survivors (0K)
 Metaspace       used 60712K, committed 62144K, reserved 1114112K
  class space    used 7528K, committed 8064K, reserved 1048576K
}
Event: 3021.233 GC heap before
{Heap before GC invocations=273 (full 253):
 garbage-first heap   total 58368K, used 27049K [0x00000000c0000000, 0x0000000100000000)
  region size 1024K, 1 young (1024K), 0 survivors (0K)
 Metaspace       used 60714K, committed 62144K, reserved 1114112K
  class space    used 7528K, committed 8064K, reserved 1048576K
}
Event: 3021.296 GC heap after
{Heap after GC invocations=274 (full 254):
 garbage-first heap   total 58368K, used 27049K [0x00000000c0000000, 0x0000000100000000)
  region size 1024K, 0 young (0K), 0 survivors (0K)
 Metaspace       used 60714K, committed 62144K, reserved 1114112K
  class space    used 7528K, committed 8064K, reserved 1048576K
}
Event: 3031.474 GC heap before
{Heap before GC invocations=274 (full 254):
 garbage-first heap   total 58368K, used 27049K [0x00000000c0000000, 0x0000000100000000)
  region size 1024K, 1 young (1024K), 0 survivors (0K)
 Metaspace       used 60714K, committed 62144K, reserved 1114112K
  class space    used 7528K, committed 8064K, reserved 1048576K
}
Event: 3031.528 GC heap after
{Heap after GC invocations=275 (full 255):
 garbage-first heap   total 58368K, used 27049K [0x00000000c0000000, 0x0000000100000000)
  region size 1024K, 0 young (0K), 0 survivors (0K)
 Metaspace       used 60714K, committed 62144K, reserved 1114112K
  class space    used 7528K, committed 8064K, reserved 1048576K
}
Event: 3042.151 GC heap before
{Heap before GC invocations=275 (full 255):
 garbage-first heap   total 58368K, used 27049K [0x00000000c0000000, 0x0000000100000000)
  region size 1024K, 1 young (1024K), 0 survivors (0K)
 Metaspace       used 60717K, committed 62144K, reserved 1114112K
  class space    used 7528K, committed 8064K, reserved 1048576K
}
Event: 3042.217 GC heap after
{Heap after GC invocations=276 (full 256):
 garbage-first heap   total 58368K, used 27049K [0x00000000c0000000, 0x0000000100000000)
  region size 1024K, 0 young (0K), 0 survivors (0K)
 Metaspace       used 60717K, committed 62144K, reserved 1114112K
  class space    used 7528K, committed 8064K, reserved 1048576K
}
Event: 3052.282 GC heap before
{Heap before GC invocations=276 (full 256):
 garbage-first heap   total 58368K, used 27049K [0x00000000c0000000, 0x0000000100000000)
  region size 1024K, 1 young (1024K), 0 survivors (0K)
 Metaspace       used 60718K, committed 62144K, reserved 1114112K
  class space    used 7528K, committed 8064K, reserved 1048576K
}

