# JRE version: OpenJDK Runtime Environment Temurin-21.0.9+10 (21.0.9+10) (build 21.0.9+10-LTS)
# Java VM: OpenJDK 64-Bit Server VM Temurin-21.0.9+10 (21.0.9+10-LTS, mixed mode, sharing, tiered, compressed oops, compressed class ptrs, g1 gc, windows-amd64)
GC Precious Log:
 CardTable entry size: 512
 Card Set container configuration: InlinePtr #cards 5 size 8 Array Of Cards #cards 12 size 40 Howl #buckets 4 coarsen threshold 1843 Howl Bitmap #cards 512 size 80 coarsen threshold 460 Card regions per heap region 1 cards per card region 2048
 CPUs: 4 total, 4 available
 Memory: 4007M
 Large Page Support: Disabled
 NUMA Support: Disabled
 Compressed Oops: Enabled (32-bit)
 Heap Region Size: 1M
 Heap Min Capacity: 8M
 Heap Initial Capacity: 64M
 Heap Max Capacity: 1G
 Pre-touch: Disabled
 Parallel Workers: 4
 Concurrent Workers: 1
 Concurrent Refinement Workers: 4
 Periodic GC: Disabled
Heap:
 garbage-first heap   total 89088K, used 41630K [0x00000000c0000000, 0x0000000100000000)
  region size 1024K, 1 young (1024K), 0 survivors (0K)
 Metaspace       used 74843K, committed 76096K, reserved 1179648K
  class space    used 8753K, committed 9344K, reserved 1048576K
GC Heap History (20 events):
Event: 56863.938 GC heap after
{Heap after GC invocations=1924 (full 1893):
 garbage-first heap   total 89088K, used 41630K [0x00000000c0000000, 0x0000000100000000)
  region size 1024K, 0 young (0K), 0 survivors (0K)
 Metaspace       used 74842K, committed 76096K, reserved 1179648K
  class space    used 8753K, committed 9344K, reserved 1048576K
}
Event: 56874.404 GC heap before
{Heap before GC invocations=1924 (full 1893):
 garbage-first heap   total 89088K, used 41630K [0x00000000c0000000, 0x0000000100000000)
  region size 1024K, 1 young (1024K), 0 survivors (0K)
 Metaspace       used 74842K, committed 76096K, reserved 1179648K
  class space    used 8753K, committed 9344K, reserved 1048576K
}
Event: 56874.488 GC heap after
{Heap after GC invocations=1925 (full 1894):
 garbage-first heap   total 89088K, used 41630K [0x00000000c0000000, 0x0000000100000000)
  region size 1024K, 0 young (0K), 0 survivors (0K)
 Metaspace       used 74842K, committed 76096K, reserved 1179648K
  class space    used 8753K, committed 9344K, reserved 1048576K
}
Event: 56885.013 GC heap before
{Heap before GC invocations=1925 (full 1894):
 garbage-first heap   total 89088K, used 41630K [0x00000000c0000000, 0x0000000100000000)
  region size 1024K, 1 young (1024K), 0 survivors (0K)
 Metaspace       used 74842K, committed 76096K, reserved 1179648K
  class space    used 8753K, committed 9344K, reserved 1048576K
}
Event: 56885.121 GC heap after
{Heap after GC invocations=1926 (full 1895):
 garbage-first heap   total 89088K, used 41630K [0x00000000c0000000, 0x0000000100000000)
  region size 1024K, 0 young (0K), 0 survivors (0K)
 Metaspace       used 74842K, committed 76096K, reserved 1179648K
  class space    used 8753K, committed 9344K, reserved 1048576K
}
Event: 56895.365 GC heap before
{Heap before GC invocations=1926 (full 1895):
 garbage-first heap   total 89088K, used 41630K [0x00000000c0000000, 0x0000000100000000)
  region size 1024K, 1 young (1024K), 0 survivors (0K)
 Metaspace       used 74842K, committed 76096K, reserved 1179648K
  class space    used 8753K, committed 9344K, reserved 1048576K
}
Event: 56895.424 GC heap after
{Heap after GC invocations=1927 (full 1896):
 garbage-first heap   total 89088K, used 41630K [0x00000000c0000000, 0x0000000100000000)
  region size 1024K, 0 young (0K), 0 survivors (0K)
 Metaspace       used 74842K, committed 76096K, reserved 1179648K
  class space    used 8753K, committed 9344K, reserved 1048576K
}
Event: 56905.701 GC heap before
{Heap before GC invocations=1927 (full 1896):
 garbage-first heap   total 89088K, used 41630K [0x00000000c0000000, 0x0000000100000000)
  region size 1024K, 1 young (1024K), 0 survivors (0K)
 Metaspace       used 74843K, committed 76096K, reserved 1179648K
  class space    used 8753K, committed 9344K, reserved 1048576K
}
Event: 56905.788 GC heap after
{Heap after GC invocations=1928 (full 1897):
 garbage-first heap   total 89088K, used 41630K [0x00000000c0000000, 0x0000000100000000)
  region size 1024K, 0 young (0K), 0 survivors (0K)
 Metaspace       used 74843K, committed 76096K, reserved 1179648K
  class space    used 8753K, committed 9344K, reserved 1048576K
}
Event: 56916.388 GC heap before
{Heap before GC invocations=1928 (full 1897):
 garbage-first heap   total 89088K, used 41630K [0x00000000c0000000, 0x0000000100000000)
  region size 1024K, 1 young (1024K), 0 survivors (0K)
 Metaspace       used 74843K, committed 76096K, reserved 1179648K
  class space    used 8753K, committed 9344K, reserved 1048576K
}
Event: 56916.451 GC heap after
{Heap after GC invocations=1929 (full 1898):
 garbage-first heap   total 89088K, used 41630K [0x00000000c0000000, 0x0000000100000000)
  region size 1024K, 0 young (0K), 0 survivors (0K)
 Metaspace       used 74843K, committed 76096K, reserved 1179648K
  class space    used 8753K, committed 9344K, reserved 1048576K
}
Event: 56926.688 GC heap before
{Heap before GC invocations=1929 (full 1898):
 garbage-first heap   total 89088K, used 41630K [0x00000000c0000000, 0x0000000100000000)
  region size 1024K, 1 young (1024K), 0 survivors (0K)
 Metaspace       used 74843K, committed 76096K, reserved 1179648K
  class space    used 8753K, committed 9344K, reserved 1048576K
}
Event: 56926.764 GC heap after
{Heap after GC invocations=1930 (full 1899):
 garbage-first heap   total 89088K, used 41630K [0x00000000c0000000, 0x0000000100000000)
  region size 1024K, 0 young (0K), 0 survivors (0K)
 Metaspace       used 74843K, committed 76096K, reserved 1179648K
  class space    used 8753K, committed 9344K, reserved 1048576K
}
Event: 56937.049 GC heap before
{Heap before GC invocations=1930 (full 1899):
 garbage-first heap   total 89088K, used 41630K [0x00000000c0000000, 0x0000000100000000)
  region size 1024K, 1 young (1024K), 0 survivors (0K)
 Metaspace       used 74843K, committed 76096K, reserved 1179648K
  class space    used 8753K, committed 9344K, reserved 1048576K
}
Event: 56937.117 GC heap after
{Heap after GC invocations=1931 (full 1900):
 garbage-first heap   total 89088K, used 41630K [0x00000000c0000000, 0x0000000100000000)
  region size 1024K, 0 young (0K), 0 survivors (0K)
 Metaspace       used 74843K, committed 76096K, reserved 1179648K
  class space    used 8753K, committed 9344K, reserved 1048576K
}
Event: 56947.425 GC heap before
{Heap before GC invocations=1931 (full 1900):
 garbage-first heap   total 89088K, used 41630K [0x00000000c0000000, 0x0000000100000000)
  region size 1024K, 1 young (1024K), 0 survivors (0K)
 Metaspace       used 74843K, committed 76096K, reserved 1179648K
  class space    used 8753K, committed 9344K, reserved 1048576K
}
Event: 56947.498 GC heap after
{Heap after GC invocations=1932 (full 1901):
 garbage-first heap   total 89088K, used 41630K [0x00000000c0000000, 0x0000000100000000)
  region size 1024K, 0 young (0K), 0 survivors (0K)
 Metaspace       used 74843K, committed 76096K, reserved 1179648K
  class space    used 8753K, committed 9344K, reserved 1048576K
}
Event: 56957.768 GC heap before
{Heap before GC invocations=1932 (full 1901):
 garbage-first heap   total 89088K, used 41630K [0x00000000c0000000, 0x0000000100000000)
  region size 1024K, 1 young (1024K), 0 survivors (0K)
 Metaspace       used 74843K, committed 76096K, reserved 1179648K
  class space    used 8753K, committed 9344K, reserved 1048576K
}
Event: 56957.830 GC heap after
{Heap after GC invocations=1933 (full 1902):
 garbage-first heap   total 89088K, used 41630K [0x00000000c0000000, 0x0000000100000000)
  region size 1024K, 0 young (0K), 0 survivors (0K)
 Metaspace       used 74843K, committed 76096K, reserved 1179648K
  class space    used 8753K, committed 9344K, reserved 1048576K
}
Event: 56967.914 GC heap before
{Heap before GC invocations=1933 (full 1902):
 garbage-first heap   total 89088K, used 41630K [0x00000000c0000000, 0x0000000100000000)
  region size 1024K, 1 young (1024K), 0 survivors (0K)
 Metaspace       used 74843K, committed 76096K, reserved 1179648K
  class space    used 8753K, committed 9344K, reserved 1048576K
}

